<?xml version="1.0" encoding="UTF-8"?>
<!-- Generated by org.testng.reporters.JUnitXMLReporter -->
<testsuite ignored="6" hostname="Divya" failures="0" tests="6" name="Test" time="82.817" errors="0" timestamp="2026-09-14T07:53:07 IST">
  <testcase classname="testpkg.HomePageTest" name="homeTest" time="17.918"/>
  <testcase classname="testpkg.BookAStayTest" name="bookAStayTest" time="4.257"/>
  <testcase classname="testpkg.BookAStayTest" name="bookAStayTest" time="3.512"/>
  <testcase classname="testpkg.LoginTest" name="loginTest" time="1.819"/>
  <testcase classname="testpkg.LoginTest" name="loginTest" time="4.13"/>
  <testcase classname="testpkg.LoginTest" name="loginTest" time="2.389"/>
  <testcase classname="basepkg.TajBaseClass" name="@AfterSuite flushReport" time="0.0">
    <ignored/>
  </testcase> <!-- @AfterSuite flushReport -->
  <testcase classname="basepkg.TajBaseClass" name="@AfterSuite flushReport" time="0.0">
    <ignored/>
  </testcase> <!-- @AfterSuite flushReport -->
  <testcase classname="basepkg.TajBaseClass" name="@BeforeSuite setUpReport" time="0.0">
    <ignored/>
  </testcase> <!-- @BeforeSuite setUpReport -->
  <testcase classname="basepkg.TajBaseClass" name="@BeforeSuite setUpReport" time="0.0">
    <ignored/>
  </testcase> <!-- @BeforeSuite setUpReport -->
  <testcase classname="basepkg.TajBaseClass" name="@BeforeSuite setUpReport" time="0.0">
    <ignored/>
  </testcase> <!-- @BeforeSuite setUpReport -->
  <testcase classname="basepkg.TajBaseClass" name="@AfterSuite flushReport" time="0.0">
    <ignored/>
  </testcase> <!-- @AfterSuite flushReport -->
</testsuite> <!-- Test -->
