<?xml version="1.0" encoding="UTF-8"?>
<!-- Generated by org.testng.reporters.JUnitReportReporter -->
<testsuite hostname="Divya" failures="0" tests="3" name="testpkg.LoginTest" time="32.502" errors="0" timestamp="2026-09-14T07:53:07 IST" skipped="0">
  <testcase classname="testpkg.LoginTest" name="loginTest" time="8.004"/>
  <testcase classname="testpkg.LoginTest" name="loginTest" time="11.839"/>
  <testcase classname="testpkg.LoginTest" name="loginTest" time="12.659"/>
</testsuite> <!-- testpkg.LoginTest -->
